{"/home/jessika/Documentos/Laboratória/SAP003-md-links/lib/index.js": {"path":"/home/jessika/Documentos/Laboratória/SAP003-md-links/lib/index.js","statementMap":{"0":{"start":{"line":1,"column":11},"end":{"line":1,"column":24}},"1":{"start":{"line":2,"column":14},"end":{"line":2,"column":35}},"2":{"start":{"line":3,"column":13},"end":{"line":3,"column":15}},"3":{"start":{"line":5,"column":0},"end":{"line":30,"column":2}},"4":{"start":{"line":6,"column":2},"end":{"line":29,"column":5}},"5":{"start":{"line":7,"column":4},"end":{"line":28,"column":9}},"6":{"start":{"line":8,"column":6},"end":{"line":11,"column":7}},"7":{"start":{"line":9,"column":8},"end":{"line":9,"column":30}},"8":{"start":{"line":10,"column":8},"end":{"line":10,"column":35}},"9":{"start":{"line":12,"column":6},"end":{"line":28,"column":7}},"10":{"start":{"line":13,"column":26},"end":{"line":13,"column":66}},"11":{"start":{"line":14,"column":8},"end":{"line":18,"column":11}},"12":{"start":{"line":15,"column":23},"end":{"line":15,"column":53}},"13":{"start":{"line":16,"column":24},"end":{"line":16,"column":50}},"14":{"start":{"line":17,"column":10},"end":{"line":17,"column":39}},"15":{"start":{"line":19,"column":8},"end":{"line":27,"column":9}},"16":{"start":{"line":20,"column":26},"end":{"line":23,"column":12}},"17":{"start":{"line":21,"column":12},"end":{"line":22,"column":51}},"18":{"start":{"line":22,"column":29},"end":{"line":22,"column":50}},"19":{"start":{"line":24,"column":10},"end":{"line":24,"column":58}},"20":{"start":{"line":24,"column":42},"end":{"line":24,"column":57}},"21":{"start":{"line":26,"column":10},"end":{"line":26,"column":25}}},"fnMap":{"0":{"name":"mdlinks","decl":{"start":{"line":5,"column":26},"end":{"line":5,"column":33}},"loc":{"start":{"line":5,"column":48},"end":{"line":30,"column":1}},"line":5},"1":{"name":"(anonymous_1)","decl":{"start":{"line":6,"column":21},"end":{"line":6,"column":22}},"loc":{"start":{"line":6,"column":42},"end":{"line":29,"column":3}},"line":6},"2":{"name":"(anonymous_2)","decl":{"start":{"line":7,"column":30},"end":{"line":7,"column":31}},"loc":{"start":{"line":7,"column":47},"end":{"line":28,"column":8}},"line":7},"3":{"name":"(anonymous_3)","decl":{"start":{"line":14,"column":26},"end":{"line":14,"column":27}},"loc":{"start":{"line":14,"column":37},"end":{"line":18,"column":9}},"line":14},"4":{"name":"(anonymous_4)","decl":{"start":{"line":20,"column":37},"end":{"line":20,"column":38}},"loc":{"start":{"line":20,"column":44},"end":{"line":23,"column":11}},"line":20},"5":{"name":"(anonymous_5)","decl":{"start":{"line":22,"column":20},"end":{"line":22,"column":21}},"loc":{"start":{"line":22,"column":29},"end":{"line":22,"column":50}},"line":22},"6":{"name":"(anonymous_6)","decl":{"start":{"line":24,"column":36},"end":{"line":24,"column":37}},"loc":{"start":{"line":24,"column":42},"end":{"line":24,"column":57}},"line":24}},"branchMap":{"0":{"loc":{"start":{"line":8,"column":6},"end":{"line":11,"column":7}},"type":"if","locations":[{"start":{"line":8,"column":6},"end":{"line":11,"column":7}},{"start":{"line":8,"column":6},"end":{"line":11,"column":7}}],"line":8},"1":{"loc":{"start":{"line":12,"column":6},"end":{"line":28,"column":7}},"type":"if","locations":[{"start":{"line":12,"column":6},"end":{"line":28,"column":7}},{"start":{"line":12,"column":6},"end":{"line":28,"column":7}}],"line":12},"2":{"loc":{"start":{"line":19,"column":8},"end":{"line":27,"column":9}},"type":"if","locations":[{"start":{"line":19,"column":8},"end":{"line":27,"column":9}},{"start":{"line":19,"column":8},"end":{"line":27,"column":9}}],"line":19}},"s":{"0":1,"1":1,"2":1,"3":1,"4":2,"5":2,"6":2,"7":1,"8":1,"9":2,"10":1,"11":1,"12":1,"13":1,"14":1,"15":1,"16":0,"17":0,"18":0,"19":0,"20":0,"21":1},"f":{"0":2,"1":2,"2":2,"3":1,"4":0,"5":0,"6":0},"b":{"0":[1,1],"1":[1,1],"2":[0,1]},"_coverageSchema":"43e27e138ebf9cfc5966b082cf9a028302ed4184","hash":"affd2c4152a2dfbfd8cc22b4eded283ef64a54e3"}
}
