{"/home/jessika/Documentos/Laboratória/SAP003-md-links/lib/index.js": {"path":"/home/jessika/Documentos/Laboratória/SAP003-md-links/lib/index.js","statementMap":{"0":{"start":{"line":1,"column":11},"end":{"line":1,"column":24}},"1":{"start":{"line":2,"column":14},"end":{"line":2,"column":35}},"2":{"start":{"line":5,"column":0},"end":{"line":29,"column":2}},"3":{"start":{"line":6,"column":2},"end":{"line":28,"column":5}},"4":{"start":{"line":7,"column":4},"end":{"line":27,"column":10}},"5":{"start":{"line":8,"column":6},"end":{"line":10,"column":7}},"6":{"start":{"line":9,"column":8},"end":{"line":9,"column":30}},"7":{"start":{"line":11,"column":6},"end":{"line":27,"column":7}},"8":{"start":{"line":12,"column":26},"end":{"line":12,"column":66}},"9":{"start":{"line":13,"column":8},"end":{"line":17,"column":11}},"10":{"start":{"line":14,"column":23},"end":{"line":14,"column":53}},"11":{"start":{"line":15,"column":24},"end":{"line":15,"column":50}},"12":{"start":{"line":16,"column":10},"end":{"line":16,"column":33}},"13":{"start":{"line":18,"column":8},"end":{"line":26,"column":9}},"14":{"start":{"line":19,"column":26},"end":{"line":22,"column":12}},"15":{"start":{"line":20,"column":12},"end":{"line":21,"column":52}},"16":{"start":{"line":21,"column":29},"end":{"line":21,"column":50}},"17":{"start":{"line":23,"column":10},"end":{"line":23,"column":59}},"18":{"start":{"line":23,"column":42},"end":{"line":23,"column":57}},"19":{"start":{"line":25,"column":10},"end":{"line":25,"column":26}}},"fnMap":{"0":{"name":"mdlinks","decl":{"start":{"line":5,"column":26},"end":{"line":5,"column":33}},"loc":{"start":{"line":5,"column":48},"end":{"line":29,"column":1}},"line":5},"1":{"name":"(anonymous_1)","decl":{"start":{"line":6,"column":21},"end":{"line":6,"column":22}},"loc":{"start":{"line":6,"column":42},"end":{"line":28,"column":3}},"line":6},"2":{"name":"(anonymous_2)","decl":{"start":{"line":7,"column":30},"end":{"line":7,"column":31}},"loc":{"start":{"line":7,"column":47},"end":{"line":27,"column":8}},"line":7},"3":{"name":"(anonymous_3)","decl":{"start":{"line":13,"column":31},"end":{"line":13,"column":32}},"loc":{"start":{"line":13,"column":42},"end":{"line":17,"column":9}},"line":13},"4":{"name":"(anonymous_4)","decl":{"start":{"line":19,"column":37},"end":{"line":19,"column":38}},"loc":{"start":{"line":19,"column":44},"end":{"line":22,"column":11}},"line":19},"5":{"name":"(anonymous_5)","decl":{"start":{"line":21,"column":20},"end":{"line":21,"column":21}},"loc":{"start":{"line":21,"column":29},"end":{"line":21,"column":50}},"line":21},"6":{"name":"(anonymous_6)","decl":{"start":{"line":23,"column":36},"end":{"line":23,"column":37}},"loc":{"start":{"line":23,"column":42},"end":{"line":23,"column":57}},"line":23}},"branchMap":{"0":{"loc":{"start":{"line":8,"column":6},"end":{"line":10,"column":7}},"type":"if","locations":[{"start":{"line":8,"column":6},"end":{"line":10,"column":7}},{"start":{"line":8,"column":6},"end":{"line":10,"column":7}}],"line":8},"1":{"loc":{"start":{"line":11,"column":6},"end":{"line":27,"column":7}},"type":"if","locations":[{"start":{"line":11,"column":6},"end":{"line":27,"column":7}},{"start":{"line":11,"column":6},"end":{"line":27,"column":7}}],"line":11},"2":{"loc":{"start":{"line":18,"column":8},"end":{"line":26,"column":9}},"type":"if","locations":[{"start":{"line":18,"column":8},"end":{"line":26,"column":9}},{"start":{"line":18,"column":8},"end":{"line":26,"column":9}}],"line":18}},"s":{"0":1,"1":1,"2":1,"3":3,"4":3,"5":3,"6":1,"7":3,"8":2,"9":2,"10":2,"11":2,"12":2,"13":2,"14":1,"15":1,"16":1,"17":1,"18":1,"19":1},"f":{"0":3,"1":3,"2":3,"3":2,"4":1,"5":1,"6":1},"b":{"0":[1,2],"1":[2,1],"2":[1,1]},"_coverageSchema":"43e27e138ebf9cfc5966b082cf9a028302ed4184","hash":"c742c97ba2bacca3dcbd6a86f7df32522d023b02"}
}
